D:\OOP\SE1\20180213\05_LAB_OPERATIONS_AND_UTILITIES\02_VECTOR\DEBUG\VC110.PDB
D:\OOP\SE1\20180213\05_LAB_OPERATIONS_AND_UTILITIES\02_VECTOR\DEBUG\MAIN.OBJ
D:\OOP\SE1\20180213\05_LAB_OPERATIONS_AND_UTILITIES\02_VECTOR\DEBUG\VECTOR.OBJ
D:\OOP\SE1\20180213\05_LAB_OPERATIONS_AND_UTILITIES\02_VECTOR\DEBUG\02_VECTOR.ILK
D:\OOP\SE1\20180213\05_LAB_OPERATIONS_AND_UTILITIES\02_VECTOR\DEBUG\02_VECTOR.EXE
D:\OOP\SE1\20180213\05_LAB_OPERATIONS_AND_UTILITIES\02_VECTOR\DEBUG\02_VECTOR.PDB
D:\OOP\SE1\20180213\05_Lab_Operations_and_Utilities\02_Vector\Debug\Indexed Vector.obj
D:\OOP\SE1\20180213\05_Lab_Operations_and_Utilities\02_Vector\Debug\IndexedVarVector.obj
D:\OOP\SE1\20180213\05_Lab_Operations_and_Utilities\02_Vector\Debug\main.obj
D:\OOP\SE1\20180213\05_Lab_Operations_and_Utilities\02_Vector\Debug\Vector.obj
D:\OOP\SE1\20180213\05_Lab_Operations_and_Utilities\02_Vector\Debug\02_Vector.ilk
D:\OOP\SE1\20180213\05_Lab_Operations_and_Utilities\02_Vector\Debug\cl.command.1.tlog
D:\OOP\SE1\20180213\05_Lab_Operations_and_Utilities\02_Vector\Debug\CL.read.1.tlog
D:\OOP\SE1\20180213\05_Lab_Operations_and_Utilities\02_Vector\Debug\CL.write.1.tlog
D:\OOP\SE1\20180213\05_Lab_Operations_and_Utilities\02_Vector\Debug\link-cvtres.read.1.tlog
D:\OOP\SE1\20180213\05_Lab_Operations_and_Utilities\02_Vector\Debug\link-cvtres.write.1.tlog
D:\OOP\SE1\20180213\05_Lab_Operations_and_Utilities\02_Vector\Debug\link-rc.read.1.tlog
D:\OOP\SE1\20180213\05_Lab_Operations_and_Utilities\02_Vector\Debug\link-rc.write.1.tlog
D:\OOP\SE1\20180213\05_Lab_Operations_and_Utilities\02_Vector\Debug\link.command.1.tlog
D:\OOP\SE1\20180213\05_Lab_Operations_and_Utilities\02_Vector\Debug\link.read.1.tlog
D:\OOP\SE1\20180213\05_Lab_Operations_and_Utilities\02_Vector\Debug\link.write.1.tlog
D:\OOP\SE1\20180213\05_Lab_Operations_and_Utilities\02_Vector\Debug\vc110.idb
D:\OOP\SE1\20180213\05_Lab_Operations_and_Utilities\02_Vector\Debug\02_Vector.pdb
D:\OOP\SE1\20180213\05_Lab_Operations_and_Utilities\02_Vector\Debug\vc110.pdb
D:\OOP\SE1\20180213\05_Lab_Operations_and_Utilities\02_Vector\Debug\02_Vector.exe
